2018-09-30 17:19:45,003 [pool-1-thread-1] INFO  StockController  - info log
2018-09-30 17:19:45,011 [pool-1-thread-1] DEBUG StockController  - debug log
2018-09-30 17:19:45,011 [pool-1-thread-1] ERROR StockController  - error log
2018-09-30 17:19:45,011 [pool-1-thread-1] ERROR StockService  - StockService error
2018-09-30 17:19:50,001 [pool-1-thread-1] INFO  StockController  - info log
2018-09-30 17:19:50,001 [pool-1-thread-1] DEBUG StockController  - debug log
2018-09-30 17:19:50,002 [pool-1-thread-1] ERROR StockController  - error log
2018-09-30 17:19:50,002 [pool-1-thread-1] ERROR StockService  - StockService error
2018-09-30 17:21:20,003 [pool-1-thread-1] INFO  StockController  - info log
2018-09-30 17:21:20,012 [pool-1-thread-1] DEBUG StockController  - debug log
2018-09-30 17:21:20,014 [pool-1-thread-1] ERROR StockController  - error log
2018-09-30 17:21:20,015 [pool-1-thread-1] ERROR StockService  - StockService error
2018-09-30 17:21:20,016 [pool-1-thread-1] DEBUG StockService  - StockService debug
2018-09-30 17:25:30,004 [pool-1-thread-1] INFO  StockController  - info log
2018-09-30 17:25:30,016 [pool-1-thread-1] DEBUG StockController  - debug log
2018-09-30 17:25:30,017 [pool-1-thread-1] ERROR StockController  - error log
2018-09-30 17:25:30,018 [pool-1-thread-1] ERROR StockService  - StockService error
2018-09-30 17:25:30,019 [pool-1-thread-1] DEBUG StockService  - StockService debug
2018-09-30 17:25:35,000 [pool-1-thread-1] INFO  StockController  - info log
2018-09-30 17:25:35,000 [pool-1-thread-1] DEBUG StockController  - debug log
2018-09-30 17:25:35,001 [pool-1-thread-1] ERROR StockController  - error log
2018-09-30 17:25:35,003 [pool-1-thread-1] ERROR StockService  - StockService error
2018-09-30 17:25:35,003 [pool-1-thread-1] DEBUG StockService  - StockService debug
2018-09-30 17:27:20,003 [pool-1-thread-1] INFO  StockController  - info log
2018-09-30 17:27:20,015 [pool-1-thread-1] DEBUG StockController  - debug log
2018-09-30 17:27:20,015 [pool-1-thread-1] ERROR StockController  - error log
2018-09-30 17:27:25,000 [pool-1-thread-1] INFO  StockController  - info log
2018-09-30 17:27:25,001 [pool-1-thread-1] DEBUG StockController  - debug log
2018-09-30 17:27:25,001 [pool-1-thread-1] ERROR StockController  - error log
2018-09-30 21:32:25,003 [pool-1-thread-1] INFO  StockController  - info log
2018-09-30 21:32:25,015 [pool-1-thread-1] DEBUG StockController  - debug log
2018-09-30 21:32:25,016 [pool-1-thread-1] ERROR StockController  - error log
2018-09-30 21:32:30,002 [pool-1-thread-1] INFO  StockController  - info log
2018-09-30 21:32:30,002 [pool-1-thread-1] DEBUG StockController  - debug log
2018-09-30 21:32:30,003 [pool-1-thread-1] ERROR StockController  - error log
